hlcsg v3.4 VL34 64-bit (Aug 17 2015)
Zoner's Half-Life Compilation Tools -- Custom Build
Based on code modifications by Sean 'Zoner' Cavanaugh
Based on Valve's version, modified with permission.
Submit detailed bug reports to (vluzacn@163.com)
-----  BEGIN  hlcsg -----
Command line: C:\PROGRA~2\Steam\STEAMA~1\common\HALF-L~1\HAMMER~1\tools\zhlt\HLCSG_~1.EXE c:\users\miche\documents\projects\various-goldsrc-projects\bsp\gallery -texdata 8192 
Arguments: c:\users\miche\documents\projects\various-goldsrc-projects\bsp\gallery -texdata 8192 -low -wadautodetect 
Entering c:\users\miche\documents\projects\various-goldsrc-projects\bsp\gallery.map

Current hlcsg Settings
Name                 |  Setting  |  Default
---------------------|-----------|-------------------------
threads               [       4 ] [  Varies ]
verbose               [     off ] [     off ]
log                   [      on ] [      on ]
reset logfile         [      on ] [      on ]
developer             [       0 ] [       0 ]
chart                 [     off ] [     off ]
estimate              [     off ] [     off ]
max texture memory    [ 8388608 ] [ 33554432 ]
max lighting memory   [ 50331648 ] [ 50331648 ]
priority              [     Low ] [  Normal ]

noclip                [     off ] [     off ]
null texture stripping[      on ] [      on ]
clipnode economy mode [     off ] [     off ]
clip hull type        [  simple ] [  simple ]
onlyents              [     off ] [     off ]
wadtextures           [      on ] [      on ]
skyclip               [      on ] [      on ]
hullfile              [    None ] [    None ]
wad configuration file[    None ] [    None ]
wad.cfg group name    [    None ] [    None ]
nullfile              [    None ] [    None ]
nullify trigger       [      on ] [      on ]
min surface area      [   0.000 ] [   0.000 ]
brush union threshold [   0.000 ] [   0.000 ]
map scaling           [    None ] [    None ]
light name optimize   [      on ] [      on ]
convert game_text     [      on ] [      on ]

Using mapfile wad configuration
Wadfiles not in use by the map will be excluded
Wadinclude list :
[zhlt.wad]

CreateBrush:
 (0.03 seconds)
CSGBrush:
 (0.32 seconds)

Including Wadfile: \program files (x86)\steam\steamapps\common\half-life sdk\hammer editor\tools\zhlt\zhlt.wad
 - Contains 1 used texture, 14.29 percent of map (19 textures in wad)
Using Wadfile: \users\miche\documents\projects\various-goldsrc-projects\wad\colors.wad
 - Contains 6 used textures, 85.71 percent of map (7 textures in wad)

Wad files required to run the map: "colors.wad;"
Texture usage is at 0.01 mb (of 8.00 mb MAX)
0.44 seconds elapsed

-----   END   hlcsg -----



hlbsp v3.4 VL34 64-bit (Aug 17 2015)
Zoner's Half-Life Compilation Tools -- Custom Build
Based on code modifications by Sean 'Zoner' Cavanaugh
Based on Valve's version, modified with permission.
Submit detailed bug reports to (vluzacn@163.com)
-----  BEGIN  hlbsp -----
Command line: C:\PROGRA~2\Steam\STEAMA~1\common\HALF-L~1\HAMMER~1\tools\zhlt\HLBSP_~1.EXE c:\users\miche\documents\projects\various-goldsrc-projects\bsp\gallery 
Arguments: c:\users\miche\documents\projects\various-goldsrc-projects\bsp\gallery -low -chart 

Current hlbsp Settings
Name               |  Setting  |  Default
-------------------|-----------|-------------------------
threads             [       4 ] [  Varies ]
verbose             [     off ] [     off ]
log                 [      on ] [      on ]
developer           [       0 ] [       0 ]
chart               [      on ] [     off ]
estimate            [     off ] [     off ]
max texture memory  [ 33554432 ] [ 33554432 ]
priority            [     Low ] [  Normal ]

noclip              [     off ] [     off ]
nofill              [     off ] [     off ]
noinsidefill        [     off ] [     off ]
noopt               [     off ] [     off ]
no clipnode merging [     off ] [     off ]
null tex. stripping [      on ] [      on ]
notjunc             [     off ] [     off ]
nobrink             [     off ] [     off ]
subdivide size      [     240 ] [     240 ] (Min 64) (Max 512)
max node size       [    1024 ] [    1024 ] (Min 64) (Max 65536)
remove hull 2       [     off ] [     off ]


SolidBSP [hull 0] 500...965 (0.10 seconds)
BSP generation successful, writing portal file 'c:\users\miche\documents\projects\various-goldsrc-projects\bsp\gallery.prt'
SolidBSP [hull 1] 500...962 (0.08 seconds)
SolidBSP [hull 2] 500...965 (0.08 seconds)
SolidBSP [hull 3] 500...1000...1052 (0.08 seconds)
Reduced 2780 clipnodes to 1829
Reduced 21 texinfos to 19
Reduced 7 texdatas to 7 (1424 bytes to 1424)
Reduced 1554 planes to 503
FixBrinks:
Increased 1829 clipnodes to 1829.

Object names  Objects/Maxobjs  Memory / Maxmem  Fullness
------------  ---------------  ---------------  --------
models              1/512           64/32768    ( 0.2%)
planes            503/32768      10060/655360   ( 1.5%)
vertexes         8087/65535      97044/786420   (12.3%)
nodes             964/32767      23136/786408   ( 2.9%)
texinfos           19/32767        760/1310680  ( 0.1%)
faces            6537/65535     130740/1310700  (10.0%)
* worldfaces     6537/32768          0/0        (19.9%)
clipnodes        1829/32767      14632/262136   ( 5.6%)
leaves            481/32760      13468/917280   ( 1.5%)
* worldleaves     480/8192           0/0        ( 5.9%)
marksurfaces     6834/65535      13668/131070   (10.4%)
surfedges       30206/512000    120824/2048000  ( 5.9%)
edges           15104/256000     60416/1024000  ( 5.9%)
texdata          [variable]       1424/33554432 ( 0.0%)
lightdata        [variable]          0/50331648 ( 0.0%)
visdata          [variable]          0/8388608  ( 0.0%)
entdata          [variable]        369/2097152  ( 0.0%)
* AllocBlock       41/64             0/0        (64.1%)
7 textures referenced
=== Total BSP file data space used: 486605 bytes ===
Wad files required to run the map: "colors.wad;"
1.15 seconds elapsed

-----   END   hlbsp -----



hlvis v3.4 VL34 64-bit (Aug 17 2015)
Zoner's Half-Life Compilation Tools -- Custom Build
Based on code modifications by Sean 'Zoner' Cavanaugh
Based on Valve's version, modified with permission.
Submit detailed bug reports to (vluzacn@163.com)
-----  BEGIN  hlvis -----
Command line: C:\PROGRA~2\Steam\STEAMA~1\common\HALF-L~1\HAMMER~1\tools\zhlt\HLVIS_~1.EXE c:\users\miche\documents\projects\various-goldsrc-projects\bsp\gallery 
Arguments: c:\users\miche\documents\projects\various-goldsrc-projects\bsp\gallery -low 
 480 portalleafs
1099 numportals

-= Current hlvis Settings =-
Name               |  Setting  |  Default
-------------------|-----------|-------------------------
threads             [       4 ] [  Varies ]
verbose             [     off ] [     off ]
log                 [      on ] [      on ]
developer           [       0 ] [       0 ]
chart               [     off ] [     off ]
estimate            [     off ] [     off ]
max texture memory  [ 33554432 ] [ 33554432 ]
max vis distance    [       0 ] [       0 ]
priority            [     Low ] [  Normal ]

fast vis            [     off ] [     off ]
full vis            [     off ] [     off ]


BasePortalVis:
 (0.04 seconds)
LeafThread:
 (1.69 seconds)
average leafs visible: 186
g_visdatasize:22264  compressed from 28800
1.76 seconds elapsed

-----   END   hlvis -----



hlrad v3.4 VL34 64-bit (Aug 17 2015)
Zoner's Half-Life Compilation Tools -- Custom Build
Based on code modifications by Sean 'Zoner' Cavanaugh
Based on Valve's version, modified with permission.
Submit detailed bug reports to (vluzacn@163.com)
-----  BEGIN  hlrad -----
Command line: C:\PROGRA~2\Steam\STEAMA~1\common\HALF-L~1\HAMMER~1\tools\zhlt\HLRAD_~1.EXE c:\users\miche\documents\projects\various-goldsrc-projects\bsp\gallery 
Arguments: c:\users\miche\documents\projects\various-goldsrc-projects\bsp\gallery -low 

-= Current hlrad Settings =-
Name                | Setting             | Default
--------------------|---------------------|-------------------------
threads              [                 4 ] [            Varies ]
verbose              [               off ] [               off ]
log                  [                on ] [                on ]
developer            [                 0 ] [                 0 ]
chart                [               off ] [               off ]
estimate             [               off ] [               off ]
max texture memory   [          33554432 ] [          33554432 ]
max lighting memory  [          50331648 ] [          50331648 ]
priority             [               Low ] [            Normal ]

fast rad             [               off ] [               off ]
vismatrix algorithm  [            Sparse ] [            Sparse ]
oversampling (-extra)[               off ] [               off ]
bounces              [                 8 ] [                 8 ]
ambient light        [ 0.000 0.000 0.000 ] [ 0.000 0.000 0.000 ]
light limit threshold[           188.000 ] [           188.000 ]
circus mode          [               off ] [               off ]

smoothing threshold  [            50.000 ] [            50.000 ]
smoothing threshold 2[         no change ] [         no change ]
direct threshold     [            10.000 ] [            10.000 ]
direct light scale   [             1.000 ] [             1.000 ]
coring threshold     [             0.010 ] [             0.010 ]
patch interpolation  [                on ] [                on ]

texscale             [                on ] [                on ]
patch subdividing    [                on ] [                on ]
chop value           [            64.000 ] [            64.000 ]
texchop value        [            32.000 ] [            32.000 ]

global fade          [             1.000 ] [             1.000 ]
global texlight gap  [             0.000 ] [             0.000 ]
global light scale   [ 2.000 2.000 2.000 ] [ 2.000 2.000 2.000 ]
global gamma         [ 0.550 0.550 0.550 ] [ 0.550 0.550 0.550 ]
global light scale   [             2.000 ] [             2.000 ]
global sky diffusion [             1.000 ] [             1.000 ]

spread angles        [                on ] [                on ]
opaque entities      [                on ] [                on ]
sky lighting fix     [                on ] [                on ]
incremental          [               off ] [               off ]
dump                 [               off ] [               off ]

colour jitter        [       0.0 0.0 0.0 ] [       0.0 0.0 0.0 ]
monochromatic jitter [       0.0 0.0 0.0 ] [       0.0 0.0 0.0 ]

custom shadows with bounce light
                     [               off ] [               off ]
rgb transfers        [               off ] [               off ]
minimum final light  [                 0 ] [                 0 ]
size of transfer     [         1 (16bit) ] [         1 (16bit) ]
size of rgbtransfer  [         2 (32bit) ] [         2 (32bit) ]
soft sky             [                on ] [                on ]
translucent depth    [             2.000 ] [             2.000 ]
block opaque         [                on ] [                on ]
ignore textures      [               off ] [               off ]
reflectivity gamma   [             1.760 ] [             1.760 ]
reflectivity scale   [             0.700 ] [             0.700 ]
blur size            [             1.500 ] [             1.500 ]
no emitter range     [               off ] [               off ]
wall bleeding fix    [                on ] [                on ]


Load Textures:
Using Wadfile: c:\users\miche\documents\projects\various-goldsrc-projects\bsp\gallery.wa_
7 textures referenced
Reading texlights from 'C:\PROGRA~2\Steam\STEAMA~1\common\HALF-L~1\HAMMER~1\tools\zhlt\lights.rad'
0 opaque models
0 opaque faces
6537 faces
Create Patches : 46696 base patches
852331 square feet [122735696.00 square inches]
1 direct lights and 16386 fast direct lights
1 light styles

FindFacePositions:
 (3.83 seconds)
BuildFacelights:
 (52.67 seconds)
BuildVisLeafs:
 (33.39 seconds)
visibility matrix   :  60.0 megs
MakeScales:
 (59.95 seconds)
Transfer Lists :   142054333 :   142.05M transfers
       Indices :    48062548 :    45.84M bytes
          Data :   284229404 :   271.06M bytes
Bounce 1 GatherLight:
 (2.10 seconds)
Bounce 2 GatherLight:
 (2.10 seconds)
Bounce 3 GatherLight:
 (2.09 seconds)
Bounce 4 GatherLight:
 (2.24 seconds)
Bounce 5 GatherLight:
 (2.12 seconds)
Bounce 6 GatherLight:
 (2.80 seconds)
Bounce 7 GatherLight:
 (2.53 seconds)
Bounce 8 GatherLight:
 (2.55 seconds)
CreateTriangulations:
 (0.51 seconds)
AddPatchLights:
 (17.65 seconds)
FinalLightFace:
 (0.05 seconds)
188.09 seconds elapsed [3m 8s]

-----   END   hlrad -----



