284
384
1
1
1
1
1
1
1
1
1
1
1
1
1
1
1
1
1
1
1
1
1
1
1
1
1
1
1
1
1
1
1
1
1
1
1
1
1
1
1
1
1
1
1
1
1
1
1
1
1
1
1
1
1
1
1
1
1
1
1
1
1
1
1
1
1
1
1
1
1
1
1
1
1
1
1
1
1
1
1
1
1
1
1
1
1
1
1
1
1
1
1
1
1
1
1
1
1
1
1
1
1
1
1
1
1
1
1
1
1
1
1
1
1
1
1
1
1
1
1
1
1
1
1
1
1
1
1
1
1
1
1
1
1
1
1
1
1
1
1
1
1
1
1
1
1
1
1
1
1
1
1
1
1
1
1
1
1
1
1
1
1
1
1
1
1
1
1
1
1
1
1
1
1
1
1
1
1
1
1
1
1
1
1
1
1
1
1
1
1
1
1
1
1
1
1
1
1
1
1
1
1
1
1
1
1
1
1
1
1
1
1
1
1
1
1
1
1
1
1
1
1
1
1
1
1
1
1
1
1
1
1
1
1
1
1
1
1
1
1
1
1
1
1
1
1
1
1
1
1
1
1
1
1
1
1
1
1
1
1
1
1
1
1
1
1
1
1
1
1
1
1
1
1
1
1
1
1
1
1
1
1
1
1
1
4 0 26 (2080.000000 752.000000 128.000000) (2080.000000 752.000000 -288.000000) (2112.000000 752.000000 -288.000000) (2112.000000 752.000000 128.000000) 
4 0 13 (2112.000000 752.000000 192.000000) (2080.000000 752.000000 192.000000) (2080.000000 752.000000 128.000000) (2112.000000 752.000000 128.000000) 
4 0 8 (2080.000000 1280.000000 128.000000) (2080.000000 1312.000000 128.000000) (2080.000000 1312.000000 -256.000000) (2080.000000 1280.000000 -256.000000) 
4 0 1 (2080.000000 1280.000000 192.000000) (2080.000000 1312.000000 192.000000) (2080.000000 1312.000000 128.000000) (2080.000000 1280.000000 128.000000) 
4 1 79 (1288.000000 1312.000000 128.000000) (1288.000000 1280.000000 128.000000) (1288.000000 1280.000000 192.000000) (1288.000000 1312.000000 192.000000) 
4 1 8 (2080.000000 1312.000000 128.000000) (2080.000000 1280.000000 128.000000) (1288.000000 1280.000000 128.000000) (1288.000000 1312.000000 128.000000) 
4 2 9 (2048.000000 1024.000000 128.000000) (1824.000000 1024.000000 128.000000) (1824.000000 1248.000000 128.000000) (2048.000000 1248.000000 128.000000) 
4 3 9 (1792.000000 1024.000000 128.000000) (1568.000000 1024.000000 128.000000) (1568.000000 1248.000000 128.000000) (1792.000000 1248.000000 128.000000) 
4 4 9 (1536.000000 1024.000000 128.000000) (1312.000000 1024.000000 128.000000) (1312.000000 1248.000000 128.000000) (1536.000000 1248.000000 128.000000) 
4 5 9 (2048.000000 768.000000 128.000000) (1824.000000 768.000000 128.000000) (1824.000000 992.000000 128.000000) (2048.000000 992.000000 128.000000) 
4 6 9 (1792.000000 768.000000 128.000000) (1568.000000 768.000000 128.000000) (1568.000000 992.000000 128.000000) (1792.000000 992.000000 128.000000) 
4 7 9 (1536.000000 768.000000 128.000000) (1312.000000 768.000000 128.000000) (1312.000000 992.000000 128.000000) (1536.000000 992.000000 128.000000) 
4 8 88 (1288.000000 1312.000000 -256.000000) (1288.000000 1280.000000 -256.000000) (1288.000000 1280.000000 128.000000) (1288.000000 1312.000000 128.000000) 
4 9 89 (1288.000000 1280.000000 -256.000000) (1288.000000 760.000000 -256.000000) (1288.000000 760.000000 128.000000) (1288.000000 1280.000000 128.000000) 
4 9 12 (1296.000000 760.000000 -128.000000) (1296.000000 760.000000 -248.000000) (1544.000000 760.000000 -248.000000) (1544.000000 760.000000 -128.000000) 
4 9 11 (1296.000000 760.000000 112.000000) (1296.000000 760.000000 -120.000000) (1544.000000 760.000000 -120.000000) (1544.000000 760.000000 112.000000) 
4 9 10 (2080.000000 760.000000 -256.000000) (2080.000000 760.000000 128.000000) (1552.000000 760.000000 128.000000) (1552.000000 760.000000 -256.000000) 
4 10 27 (1552.000000 752.000000 -256.000000) (2080.000000 752.000000 -256.000000) (2080.000000 752.000000 128.000000) (1552.000000 752.000000 128.000000) 
4 11 36 (1544.000000 752.000000 -120.000000) (1544.000000 752.000000 112.000000) (1296.000000 752.000000 112.000000) (1296.000000 752.000000 -120.000000) 
4 12 36 (1544.000000 752.000000 -248.000000) (1544.000000 752.000000 -128.000000) (1296.000000 752.000000 -128.000000) (1296.000000 752.000000 -248.000000) 
4 13 37 (2112.000000 -264.000000 192.000000) (2080.000000 -264.000000 192.000000) (2080.000000 -264.000000 128.000000) (2112.000000 -264.000000 128.000000) 
4 13 26 (2112.000000 -264.000000 128.000000) (2080.000000 -264.000000 128.000000) (2080.000000 752.000000 128.000000) (2112.000000 752.000000 128.000000) 
4 14 27 (1824.000000 512.000000 128.000000) (1824.000000 736.000000 128.000000) (2048.000000 736.000000 128.000000) (2048.000000 512.000000 128.000000) 
4 15 27 (1824.000000 256.000000 128.000000) (1824.000000 480.000000 128.000000) (2048.000000 480.000000 128.000000) (2048.000000 256.000000 128.000000) 
4 16 27 (1824.000000 0.000000 128.000000) (1824.000000 224.000000 128.000000) (2048.000000 224.000000 128.000000) (2048.000000 0.000000 128.000000) 
4 17 27 (1824.000000 -256.000000 128.000000) (1824.000000 -32.000000 128.000000) (2048.000000 -32.000000 128.000000) (2048.000000 -256.000000 128.000000) 
4 18 27 (1568.000000 512.000000 128.000000) (1568.000000 736.000000 128.000000) (1792.000000 736.000000 128.000000) (1792.000000 512.000000 128.000000) 
4 19 27 (1568.000000 256.000000 128.000000) (1568.000000 480.000000 128.000000) (1792.000000 480.000000 128.000000) (1792.000000 256.000000 128.000000) 
4 20 27 (1568.000000 0.000000 128.000000) (1568.000000 224.000000 128.000000) (1792.000000 224.000000 128.000000) (1792.000000 0.000000 128.000000) 
4 21 27 (1568.000000 -256.000000 128.000000) (1568.000000 -32.000000 128.000000) (1792.000000 -32.000000 128.000000) (1792.000000 -256.000000 128.000000) 
4 22 36 (1312.000000 512.000000 128.000000) (1312.000000 736.000000 128.000000) (1536.000000 736.000000 128.000000) (1536.000000 512.000000 128.000000) 
4 23 36 (1312.000000 256.000000 128.000000) (1312.000000 480.000000 128.000000) (1536.000000 480.000000 128.000000) (1536.000000 256.000000 128.000000) 
4 24 36 (1312.000000 0.000000 128.000000) (1312.000000 224.000000 128.000000) (1536.000000 224.000000 128.000000) (1536.000000 0.000000 128.000000) 
4 25 36 (1312.000000 -256.000000 128.000000) (1312.000000 -32.000000 128.000000) (1536.000000 -32.000000 128.000000) (1536.000000 -256.000000 128.000000) 
4 26 50 (2112.000000 -264.000000 128.000000) (2080.000000 -264.000000 128.000000) (2080.000000 -264.000000 -288.000000) (2112.000000 -264.000000 -288.000000) 
4 27 51 (2080.000000 -264.000000 -256.000000) (2080.000000 -264.000000 128.000000) (1552.000000 -264.000000 128.000000) (1552.000000 -264.000000 -256.000000) 
4 27 33 (1552.000000 248.000000 -128.000000) (1552.000000 496.000000 -128.000000) (1552.000000 496.000000 -248.000000) (1552.000000 248.000000 -248.000000) 
4 27 34 (1552.000000 -8.000000 -128.000000) (1552.000000 240.000000 -128.000000) (1552.000000 240.000000 -248.000000) (1552.000000 -8.000000 -248.000000) 
4 27 32 (1552.000000 504.000000 -128.000000) (1552.000000 752.000000 -128.000000) (1552.000000 752.000000 -248.000000) (1552.000000 504.000000 -248.000000) 
4 27 35 (1552.000000 -264.000000 -248.000000) (1552.000000 -264.000000 -128.000000) (1552.000000 -16.000000 -128.000000) (1552.000000 -16.000000 -248.000000) 
4 27 30 (1552.000000 -8.000000 112.000000) (1552.000000 240.000000 112.000000) (1552.000000 240.000000 -120.000000) (1552.000000 -8.000000 -120.000000) 
4 27 29 (1552.000000 248.000000 112.000000) (1552.000000 496.000000 112.000000) (1552.000000 496.000000 -120.000000) (1552.000000 248.000000 -120.000000) 
4 27 31 (1552.000000 -264.000000 -120.000000) (1552.000000 -264.000000 112.000000) (1552.000000 -16.000000 112.000000) (1552.000000 -16.000000 -120.000000) 
4 27 28 (1552.000000 504.000000 112.000000) (1552.000000 752.000000 112.000000) (1552.000000 752.000000 -120.000000) (1552.000000 504.000000 -120.000000) 
4 28 36 (1544.000000 504.000000 112.000000) (1544.000000 752.000000 112.000000) (1544.000000 752.000000 -120.000000) (1544.000000 504.000000 -120.000000) 
4 29 36 (1544.000000 248.000000 112.000000) (1544.000000 496.000000 112.000000) (1544.000000 496.000000 -120.000000) (1544.000000 248.000000 -120.000000) 
4 30 36 (1544.000000 -8.000000 112.000000) (1544.000000 240.000000 112.000000) (1544.000000 240.000000 -120.000000) (1544.000000 -8.000000 -120.000000) 
4 31 36 (1544.000000 -264.000000 -120.000000) (1544.000000 -264.000000 112.000000) (1544.000000 -16.000000 112.000000) (1544.000000 -16.000000 -120.000000) 
4 32 36 (1544.000000 504.000000 -128.000000) (1544.000000 752.000000 -128.000000) (1544.000000 752.000000 -248.000000) (1544.000000 504.000000 -248.000000) 
4 33 36 (1544.000000 248.000000 -128.000000) (1544.000000 496.000000 -128.000000) (1544.000000 496.000000 -248.000000) (1544.000000 248.000000 -248.000000) 
4 34 36 (1544.000000 -8.000000 -128.000000) (1544.000000 240.000000 -128.000000) (1544.000000 240.000000 -248.000000) (1544.000000 -8.000000 -248.000000) 
4 35 36 (1544.000000 -264.000000 -248.000000) (1544.000000 -264.000000 -128.000000) (1544.000000 -16.000000 -128.000000) (1544.000000 -16.000000 -248.000000) 
4 36 123 (1288.000000 -264.000000 -256.000000) (1288.000000 -264.000000 128.000000) (1288.000000 -256.000000 128.000000) (1288.000000 -256.000000 -256.000000) 
4 36 114 (1288.000000 -256.000000 128.000000) (1288.000000 752.000000 128.000000) (1288.000000 752.000000 -256.000000) (1288.000000 -256.000000 -256.000000) 
4 36 60 (1544.000000 -264.000000 128.000000) (1288.000000 -264.000000 128.000000) (1288.000000 -264.000000 -256.000000) (1544.000000 -264.000000 -256.000000) 
4 37 62 (2080.000000 -1288.000000 128.000000) (2112.000000 -1288.000000 128.000000) (2112.000000 -1288.000000 160.000000) (2080.000000 -1288.000000 160.000000) 
4 37 61 (2112.000000 -1288.000000 160.000000) (2112.000000 -1288.000000 192.000000) (2080.000000 -1288.000000 192.000000) (2080.000000 -1288.000000 160.000000) 
4 37 50 (2080.000000 -264.000000 128.000000) (2112.000000 -264.000000 128.000000) (2112.000000 -1288.000000 128.000000) (2080.000000 -1288.000000 128.000000) 
4 38 51 (2048.000000 -288.000000 128.000000) (2048.000000 -512.000000 128.000000) (1824.000000 -512.000000 128.000000) (1824.000000 -288.000000 128.000000) 
4 39 51 (2048.000000 -544.000000 128.000000) (2048.000000 -768.000000 128.000000) (1824.000000 -768.000000 128.000000) (1824.000000 -544.000000 128.000000) 
4 40 51 (2048.000000 -800.000000 128.000000) (2048.000000 -1024.000000 128.000000) (1824.000000 -1024.000000 128.000000) (1824.000000 -800.000000 128.000000) 
4 41 51 (2048.000000 -1056.000000 128.000000) (2048.000000 -1280.000000 128.000000) (1824.000000 -1280.000000 128.000000) (1824.000000 -1056.000000 128.000000) 
4 42 51 (1792.000000 -288.000000 128.000000) (1792.000000 -512.000000 128.000000) (1568.000000 -512.000000 128.000000) (1568.000000 -288.000000 128.000000) 
4 43 51 (1792.000000 -544.000000 128.000000) (1792.000000 -768.000000 128.000000) (1568.000000 -768.000000 128.000000) (1568.000000 -544.000000 128.000000) 
4 44 51 (1792.000000 -800.000000 128.000000) (1792.000000 -1024.000000 128.000000) (1568.000000 -1024.000000 128.000000) (1568.000000 -800.000000 128.000000) 
4 45 51 (1792.000000 -1056.000000 128.000000) (1792.000000 -1280.000000 128.000000) (1568.000000 -1280.000000 128.000000) (1568.000000 -1056.000000 128.000000) 
4 46 60 (1536.000000 -288.000000 128.000000) (1536.000000 -512.000000 128.000000) (1312.000000 -512.000000 128.000000) (1312.000000 -288.000000 128.000000) 
4 47 60 (1536.000000 -544.000000 128.000000) (1536.000000 -768.000000 128.000000) (1312.000000 -768.000000 128.000000) (1312.000000 -544.000000 128.000000) 
4 48 60 (1536.000000 -800.000000 128.000000) (1536.000000 -1024.000000 128.000000) (1312.000000 -1024.000000 128.000000) (1312.000000 -800.000000 128.000000) 
4 49 60 (1536.000000 -1056.000000 128.000000) (1536.000000 -1280.000000 128.000000) (1312.000000 -1280.000000 128.000000) (1312.000000 -1056.000000 128.000000) 
4 50 77 (2080.000000 -1288.000000 -256.000000) (2080.000000 -1288.000000 -288.000000) (2112.000000 -1288.000000 -288.000000) (2112.000000 -1288.000000 -256.000000) 
4 50 70 (2112.000000 -1288.000000 128.000000) (2080.000000 -1288.000000 128.000000) (2080.000000 -1288.000000 -256.000000) (2112.000000 -1288.000000 -256.000000) 
4 51 71 (2080.000000 -1288.000000 -256.000000) (2080.000000 -1288.000000 128.000000) (1552.000000 -1288.000000 128.000000) (1552.000000 -1288.000000 -256.000000) 
4 51 59 (1552.000000 -1288.000000 -248.000000) (1552.000000 -1288.000000 -128.000000) (1552.000000 -1040.000000 -128.000000) (1552.000000 -1040.000000 -248.000000) 
4 51 58 (1552.000000 -1032.000000 -128.000000) (1552.000000 -784.000000 -128.000000) (1552.000000 -784.000000 -248.000000) (1552.000000 -1032.000000 -248.000000) 
4 51 57 (1552.000000 -776.000000 -128.000000) (1552.000000 -528.000000 -128.000000) (1552.000000 -528.000000 -248.000000) (1552.000000 -776.000000 -248.000000) 
4 51 56 (1552.000000 -520.000000 -128.000000) (1552.000000 -272.000000 -128.000000) (1552.000000 -272.000000 -248.000000) (1552.000000 -520.000000 -248.000000) 
4 51 55 (1552.000000 -1288.000000 -120.000000) (1552.000000 -1288.000000 112.000000) (1552.000000 -1040.000000 112.000000) (1552.000000 -1040.000000 -120.000000) 
4 51 54 (1552.000000 -1032.000000 112.000000) (1552.000000 -784.000000 112.000000) (1552.000000 -784.000000 -120.000000) (1552.000000 -1032.000000 -120.000000) 
4 51 53 (1552.000000 -776.000000 112.000000) (1552.000000 -528.000000 112.000000) (1552.000000 -528.000000 -120.000000) (1552.000000 -776.000000 -120.000000) 
4 51 52 (1552.000000 -520.000000 112.000000) (1552.000000 -272.000000 112.000000) (1552.000000 -272.000000 -120.000000) (1552.000000 -520.000000 -120.000000) 
4 52 60 (1544.000000 -520.000000 112.000000) (1544.000000 -272.000000 112.000000) (1544.000000 -272.000000 -120.000000) (1544.000000 -520.000000 -120.000000) 
4 53 60 (1544.000000 -776.000000 112.000000) (1544.000000 -528.000000 112.000000) (1544.000000 -528.000000 -120.000000) (1544.000000 -776.000000 -120.000000) 
4 54 60 (1544.000000 -1032.000000 112.000000) (1544.000000 -784.000000 112.000000) (1544.000000 -784.000000 -120.000000) (1544.000000 -1032.000000 -120.000000) 
4 55 60 (1544.000000 -1288.000000 -120.000000) (1544.000000 -1288.000000 112.000000) (1544.000000 -1040.000000 112.000000) (1544.000000 -1040.000000 -120.000000) 
4 56 60 (1544.000000 -520.000000 -128.000000) (1544.000000 -272.000000 -128.000000) (1544.000000 -272.000000 -248.000000) (1544.000000 -520.000000 -248.000000) 
4 57 60 (1544.000000 -776.000000 -128.000000) (1544.000000 -528.000000 -128.000000) (1544.000000 -528.000000 -248.000000) (1544.000000 -776.000000 -248.000000) 
4 58 60 (1544.000000 -1032.000000 -128.000000) (1544.000000 -784.000000 -128.000000) (1544.000000 -784.000000 -248.000000) (1544.000000 -1032.000000 -248.000000) 
4 59 60 (1544.000000 -1288.000000 -248.000000) (1544.000000 -1288.000000 -128.000000) (1544.000000 -1040.000000 -128.000000) (1544.000000 -1040.000000 -248.000000) 
4 60 132 (1288.000000 -1288.000000 -256.000000) (1288.000000 -1288.000000 128.000000) (1288.000000 -768.000000 128.000000) (1288.000000 -768.000000 -256.000000) 
4 60 123 (1288.000000 -768.000000 128.000000) (1288.000000 -264.000000 128.000000) (1288.000000 -264.000000 -256.000000) (1288.000000 -768.000000 -256.000000) 
4 60 75 (1544.000000 -1288.000000 -248.000000) (1544.000000 -1288.000000 -128.000000) (1296.000000 -1288.000000 -128.000000) (1296.000000 -1288.000000 -248.000000) 
4 60 74 (1544.000000 -1288.000000 -120.000000) (1544.000000 -1288.000000 112.000000) (1296.000000 -1288.000000 112.000000) (1296.000000 -1288.000000 -120.000000) 
4 61 69 (2080.000000 -1824.000000 160.000000) (2112.000000 -1824.000000 160.000000) (2112.000000 -1824.000000 192.000000) (2080.000000 -1824.000000 192.000000) 
4 61 62 (2080.000000 -1288.000000 160.000000) (2112.000000 -1288.000000 160.000000) (2112.000000 -1824.000000 160.000000) (2080.000000 -1824.000000 160.000000) 
4 62 70 (2080.000000 -1288.000000 128.000000) (2112.000000 -1288.000000 128.000000) (2112.000000 -1824.000000 128.000000) (2080.000000 -1824.000000 128.000000) 
4 62 69 (2080.000000 -1824.000000 128.000000) (2112.000000 -1824.000000 128.000000) (2112.000000 -1824.000000 160.000000) (2080.000000 -1824.000000 160.000000) 
4 63 71 (2048.000000 -1312.000000 128.000000) (2048.000000 -1536.000000 128.000000) (1824.000000 -1536.000000 128.000000) (1824.000000 -1312.000000 128.000000) 
4 64 71 (2048.000000 -1568.000000 128.000000) (2048.000000 -1792.000000 128.000000) (1824.000000 -1792.000000 128.000000) (1824.000000 -1568.000000 128.000000) 
4 65 71 (1792.000000 -1312.000000 128.000000) (1792.000000 -1536.000000 128.000000) (1568.000000 -1536.000000 128.000000) (1568.000000 -1312.000000 128.000000) 
4 66 71 (1792.000000 -1568.000000 128.000000) (1792.000000 -1792.000000 128.000000) (1568.000000 -1792.000000 128.000000) (1568.000000 -1568.000000 128.000000) 
4 67 76 (1536.000000 -1312.000000 128.000000) (1536.000000 -1536.000000 128.000000) (1312.000000 -1536.000000 128.000000) (1312.000000 -1312.000000 128.000000) 
4 68 76 (1536.000000 -1568.000000 128.000000) (1536.000000 -1792.000000 128.000000) (1312.000000 -1792.000000 128.000000) (1312.000000 -1568.000000 128.000000) 
4 69 141 (1288.000000 -1856.000000 192.000000) (1288.000000 -1824.000000 192.000000) (1288.000000 -1824.000000 128.000000) (1288.000000 -1856.000000 128.000000) 
4 69 78 (1288.000000 -1856.000000 128.000000) (1288.000000 -1824.000000 128.000000) (2112.000000 -1824.000000 128.000000) (2112.000000 -1856.000000 128.000000) 
4 70 78 (2112.000000 -1824.000000 -256.000000) (2112.000000 -1824.000000 128.000000) (2080.000000 -1824.000000 128.000000) (2080.000000 -1824.000000 -256.000000) 
4 70 77 (2080.000000 -1288.000000 -256.000000) (2112.000000 -1288.000000 -256.000000) (2112.000000 -1824.000000 -256.000000) (2080.000000 -1824.000000 -256.000000) 
4 71 73 (1552.000000 -1296.000000 -256.000000) (1552.000000 -1824.000000 -256.000000) (1552.000000 -1824.000000 112.000000) (1552.000000 -1296.000000 112.000000) 
4 71 72 (1552.000000 -1288.000000 128.000000) (1552.000000 -1288.000000 112.000000) (1552.000000 -1824.000000 112.000000) (1552.000000 -1824.000000 128.000000) 
4 72 76 (1544.000000 -1824.000000 112.000000) (1544.000000 -1824.000000 128.000000) (1544.000000 -1296.000000 128.000000) (1544.000000 -1296.000000 112.000000) 
4 72 73 (1544.000000 -1824.000000 112.000000) (1544.000000 -1296.000000 112.000000) (1552.000000 -1296.000000 112.000000) (1552.000000 -1824.000000 112.000000) 
4 73 76 (1544.000000 -1824.000000 -256.000000) (1544.000000 -1824.000000 112.000000) (1544.000000 -1296.000000 112.000000) (1544.000000 -1296.000000 -256.000000) 
4 74 76 (1544.000000 -1296.000000 -120.000000) (1544.000000 -1296.000000 112.000000) (1296.000000 -1296.000000 112.000000) (1296.000000 -1296.000000 -120.000000) 
4 75 76 (1544.000000 -1296.000000 -248.000000) (1544.000000 -1296.000000 -128.000000) (1296.000000 -1296.000000 -128.000000) (1296.000000 -1296.000000 -248.000000) 
4 76 150 (1288.000000 -1824.000000 128.000000) (1288.000000 -1296.000000 128.000000) (1288.000000 -1296.000000 -256.000000) (1288.000000 -1824.000000 -256.000000) 
4 77 78 (2080.000000 -1824.000000 -288.000000) (2112.000000 -1824.000000 -288.000000) (2112.000000 -1824.000000 -256.000000) (2080.000000 -1824.000000 -256.000000) 
4 78 151 (1288.000000 -1856.000000 128.000000) (1288.000000 -1824.000000 128.000000) (1288.000000 -1824.000000 -288.000000) (1288.000000 -1856.000000 -288.000000) 
4 79 152 (272.000000 1312.000000 128.000000) (272.000000 1280.000000 128.000000) (272.000000 1280.000000 192.000000) (272.000000 1312.000000 192.000000) 
4 79 88 (272.000000 1280.000000 128.000000) (272.000000 1312.000000 128.000000) (1288.000000 1312.000000 128.000000) (1288.000000 1280.000000 128.000000) 
4 80 89 (1056.000000 1248.000000 128.000000) (1280.000000 1248.000000 128.000000) (1280.000000 1024.000000 128.000000) (1056.000000 1024.000000 128.000000) 
4 81 89 (800.000000 1248.000000 128.000000) (1024.000000 1248.000000 128.000000) (1024.000000 1024.000000 128.000000) (800.000000 1024.000000 128.000000) 
4 82 89 (544.000000 1248.000000 128.000000) (768.000000 1248.000000 128.000000) (768.000000 1024.000000 128.000000) (544.000000 1024.000000 128.000000) 
4 83 89 (288.000000 1248.000000 128.000000) (512.000000 1248.000000 128.000000) (512.000000 1024.000000 128.000000) (288.000000 1024.000000 128.000000) 
4 84 89 (1056.000000 992.000000 128.000000) (1280.000000 992.000000 128.000000) (1280.000000 768.000000 128.000000) (1056.000000 768.000000 128.000000) 
4 85 89 (800.000000 992.000000 128.000000) (1024.000000 992.000000 128.000000) (1024.000000 768.000000 128.000000) (800.000000 768.000000 128.000000) 
4 86 89 (544.000000 992.000000 128.000000) (768.000000 992.000000 128.000000) (768.000000 768.000000 128.000000) (544.000000 768.000000 128.000000) 
4 87 89 (288.000000 992.000000 128.000000) (512.000000 992.000000 128.000000) (512.000000 768.000000 128.000000) (288.000000 768.000000 128.000000) 
4 88 159 (272.000000 1280.000000 128.000000) (272.000000 1312.000000 128.000000) (272.000000 1312.000000 -256.000000) (272.000000 1280.000000 -256.000000) 
4 89 160 (272.000000 760.000000 -256.000000) (272.000000 760.000000 128.000000) (272.000000 1280.000000 128.000000) (272.000000 1280.000000 -256.000000) 
4 89 95 (1032.000000 760.000000 -128.000000) (784.000000 760.000000 -128.000000) (784.000000 760.000000 -248.000000) (1032.000000 760.000000 -248.000000) 
4 89 96 (776.000000 760.000000 -128.000000) (528.000000 760.000000 -128.000000) (528.000000 760.000000 -248.000000) (776.000000 760.000000 -248.000000) 
4 89 94 (1288.000000 760.000000 -248.000000) (1288.000000 760.000000 -128.000000) (1040.000000 760.000000 -128.000000) (1040.000000 760.000000 -248.000000) 
4 89 97 (520.000000 760.000000 -128.000000) (272.000000 760.000000 -128.000000) (272.000000 760.000000 -248.000000) (520.000000 760.000000 -248.000000) 
4 89 92 (776.000000 760.000000 112.000000) (528.000000 760.000000 112.000000) (528.000000 760.000000 -120.000000) (776.000000 760.000000 -120.000000) 
4 89 91 (1032.000000 760.000000 112.000000) (784.000000 760.000000 112.000000) (784.000000 760.000000 -120.000000) (1032.000000 760.000000 -120.000000) 
4 89 93 (520.000000 760.000000 112.000000) (272.000000 760.000000 112.000000) (272.000000 760.000000 -120.000000) (520.000000 760.000000 -120.000000) 
4 89 90 (1288.000000 760.000000 -120.000000) (1288.000000 760.000000 112.000000) (1040.000000 760.000000 112.000000) (1040.000000 760.000000 -120.000000) 
4 90 114 (1040.000000 752.000000 -120.000000) (1288.000000 752.000000 -120.000000) (1288.000000 752.000000 112.000000) (1040.000000 752.000000 112.000000) 
4 91 114 (784.000000 752.000000 -120.000000) (1032.000000 752.000000 -120.000000) (1032.000000 752.000000 112.000000) (784.000000 752.000000 112.000000) 
4 92 114 (528.000000 752.000000 -120.000000) (776.000000 752.000000 -120.000000) (776.000000 752.000000 112.000000) (528.000000 752.000000 112.000000) 
4 93 114 (272.000000 752.000000 112.000000) (272.000000 752.000000 -120.000000) (520.000000 752.000000 -120.000000) (520.000000 752.000000 112.000000) 
4 94 114 (1040.000000 752.000000 -248.000000) (1288.000000 752.000000 -248.000000) (1288.000000 752.000000 -128.000000) (1040.000000 752.000000 -128.000000) 
4 95 114 (784.000000 752.000000 -248.000000) (1032.000000 752.000000 -248.000000) (1032.000000 752.000000 -128.000000) (784.000000 752.000000 -128.000000) 
4 96 114 (528.000000 752.000000 -248.000000) (776.000000 752.000000 -248.000000) (776.000000 752.000000 -128.000000) (528.000000 752.000000 -128.000000) 
4 97 114 (272.000000 752.000000 -128.000000) (272.000000 752.000000 -248.000000) (520.000000 752.000000 -248.000000) (520.000000 752.000000 -128.000000) 
4 98 114 (1280.000000 736.000000 128.000000) (1280.000000 512.000000 128.000000) (1056.000000 512.000000 128.000000) (1056.000000 736.000000 128.000000) 
4 99 114 (1280.000000 480.000000 128.000000) (1280.000000 256.000000 128.000000) (1056.000000 256.000000 128.000000) (1056.000000 480.000000 128.000000) 
4 100 114 (1280.000000 224.000000 128.000000) (1280.000000 0.000000 128.000000) (1056.000000 0.000000 128.000000) (1056.000000 224.000000 128.000000) 
4 101 114 (1280.000000 -32.000000 128.000000) (1280.000000 -256.000000 128.000000) (1056.000000 -256.000000 128.000000) (1056.000000 -32.000000 128.000000) 
4 102 114 (1024.000000 736.000000 128.000000) (1024.000000 512.000000 128.000000) (800.000000 512.000000 128.000000) (800.000000 736.000000 128.000000) 
4 103 114 (1024.000000 480.000000 128.000000) (1024.000000 256.000000 128.000000) (800.000000 256.000000 128.000000) (800.000000 480.000000 128.000000) 
4 104 114 (1024.000000 224.000000 128.000000) (1024.000000 0.000000 128.000000) (800.000000 0.000000 128.000000) (800.000000 224.000000 128.000000) 
4 105 114 (1024.000000 -32.000000 128.000000) (1024.000000 -256.000000 128.000000) (800.000000 -256.000000 128.000000) (800.000000 -32.000000 128.000000) 
4 106 114 (768.000000 736.000000 128.000000) (768.000000 512.000000 128.000000) (544.000000 512.000000 128.000000) (544.000000 736.000000 128.000000) 
4 107 114 (768.000000 480.000000 128.000000) (768.000000 256.000000 128.000000) (544.000000 256.000000 128.000000) (544.000000 480.000000 128.000000) 
4 108 114 (768.000000 224.000000 128.000000) (768.000000 0.000000 128.000000) (544.000000 0.000000 128.000000) (544.000000 224.000000 128.000000) 
4 109 114 (768.000000 -32.000000 128.000000) (768.000000 -256.000000 128.000000) (544.000000 -256.000000 128.000000) (544.000000 -32.000000 128.000000) 
4 110 114 (512.000000 736.000000 128.000000) (512.000000 512.000000 128.000000) (288.000000 512.000000 128.000000) (288.000000 736.000000 128.000000) 
4 111 114 (512.000000 480.000000 128.000000) (512.000000 256.000000 128.000000) (288.000000 256.000000 128.000000) (288.000000 480.000000 128.000000) 
4 112 114 (512.000000 224.000000 128.000000) (512.000000 0.000000 128.000000) (288.000000 0.000000 128.000000) (288.000000 224.000000 128.000000) 
4 113 114 (512.000000 -32.000000 128.000000) (512.000000 -256.000000 128.000000) (288.000000 -256.000000 128.000000) (288.000000 -32.000000 128.000000) 
4 114 179 (272.000000 -256.000000 -256.000000) (272.000000 -256.000000 128.000000) (272.000000 752.000000 128.000000) (272.000000 752.000000 -256.000000) 
4 114 123 (272.000000 -256.000000 128.000000) (272.000000 -256.000000 -256.000000) (1288.000000 -256.000000 -256.000000) (1288.000000 -256.000000 128.000000) 
4 115 123 (1056.000000 -288.000000 128.000000) (1280.000000 -288.000000 128.000000) (1280.000000 -512.000000 128.000000) (1056.000000 -512.000000 128.000000) 
4 116 123 (800.000000 -288.000000 128.000000) (1024.000000 -288.000000 128.000000) (1024.000000 -512.000000 128.000000) (800.000000 -512.000000 128.000000) 
4 117 123 (544.000000 -288.000000 128.000000) (768.000000 -288.000000 128.000000) (768.000000 -512.000000 128.000000) (544.000000 -512.000000 128.000000) 
4 118 123 (288.000000 -288.000000 128.000000) (512.000000 -288.000000 128.000000) (512.000000 -512.000000 128.000000) (288.000000 -512.000000 128.000000) 
4 119 123 (1056.000000 -544.000000 128.000000) (1280.000000 -544.000000 128.000000) (1280.000000 -768.000000 128.000000) (1056.000000 -768.000000 128.000000) 
4 120 123 (800.000000 -544.000000 128.000000) (1024.000000 -544.000000 128.000000) (1024.000000 -768.000000 128.000000) (800.000000 -768.000000 128.000000) 
4 121 123 (544.000000 -544.000000 128.000000) (768.000000 -544.000000 128.000000) (768.000000 -768.000000 128.000000) (544.000000 -768.000000 128.000000) 
4 122 123 (288.000000 -544.000000 128.000000) (512.000000 -544.000000 128.000000) (512.000000 -768.000000 128.000000) (288.000000 -768.000000 128.000000) 
4 123 186 (272.000000 -768.000000 -256.000000) (272.000000 -768.000000 128.000000) (272.000000 -256.000000 128.000000) (272.000000 -256.000000 -256.000000) 
4 123 132 (1288.000000 -768.000000 -256.000000) (1288.000000 -768.000000 128.000000) (272.000000 -768.000000 128.000000) (272.000000 -768.000000 -256.000000) 
4 124 132 (1056.000000 -800.000000 128.000000) (1280.000000 -800.000000 128.000000) (1280.000000 -1024.000000 128.000000) (1056.000000 -1024.000000 128.000000) 
4 125 132 (800.000000 -800.000000 128.000000) (1024.000000 -800.000000 128.000000) (1024.000000 -1024.000000 128.000000) (800.000000 -1024.000000 128.000000) 
4 126 132 (544.000000 -800.000000 128.000000) (768.000000 -800.000000 128.000000) (768.000000 -1024.000000 128.000000) (544.000000 -1024.000000 128.000000) 
4 127 132 (288.000000 -800.000000 128.000000) (512.000000 -800.000000 128.000000) (512.000000 -1024.000000 128.000000) (288.000000 -1024.000000 128.000000) 
4 128 132 (1056.000000 -1056.000000 128.000000) (1280.000000 -1056.000000 128.000000) (1280.000000 -1280.000000 128.000000) (1056.000000 -1280.000000 128.000000) 
4 129 132 (800.000000 -1056.000000 128.000000) (1024.000000 -1056.000000 128.000000) (1024.000000 -1280.000000 128.000000) (800.000000 -1280.000000 128.000000) 
4 130 132 (544.000000 -1056.000000 128.000000) (768.000000 -1056.000000 128.000000) (768.000000 -1280.000000 128.000000) (544.000000 -1280.000000 128.000000) 
4 131 132 (288.000000 -1056.000000 128.000000) (512.000000 -1056.000000 128.000000) (512.000000 -1280.000000 128.000000) (288.000000 -1280.000000 128.000000) 
4 132 193 (272.000000 -1288.000000 -256.000000) (272.000000 -1288.000000 128.000000) (272.000000 -768.000000 128.000000) (272.000000 -768.000000 -256.000000) 
4 132 147 (1032.000000 -1288.000000 -128.000000) (784.000000 -1288.000000 -128.000000) (784.000000 -1288.000000 -248.000000) (1032.000000 -1288.000000 -248.000000) 
4 132 148 (776.000000 -1288.000000 -128.000000) (528.000000 -1288.000000 -128.000000) (528.000000 -1288.000000 -248.000000) (776.000000 -1288.000000 -248.000000) 
4 132 146 (1288.000000 -1288.000000 -248.000000) (1288.000000 -1288.000000 -128.000000) (1040.000000 -1288.000000 -128.000000) (1040.000000 -1288.000000 -248.000000) 
4 132 149 (520.000000 -1288.000000 -128.000000) (272.000000 -1288.000000 -128.000000) (272.000000 -1288.000000 -248.000000) (520.000000 -1288.000000 -248.000000) 
4 132 145 (272.000000 -1288.000000 112.000000) (272.000000 -1288.000000 -120.000000) (520.000000 -1288.000000 -120.000000) (520.000000 -1288.000000 112.000000) 
4 132 144 (776.000000 -1288.000000 128.000000) (528.000000 -1288.000000 128.000000) (528.000000 -1288.000000 -120.000000) (776.000000 -1288.000000 -120.000000) 
4 132 143 (784.000000 -1288.000000 112.000000) (784.000000 -1288.000000 -120.000000) (1032.000000 -1288.000000 -120.000000) (1032.000000 -1288.000000 112.000000) 
4 132 142 (1288.000000 -1288.000000 -120.000000) (1288.000000 -1288.000000 112.000000) (1040.000000 -1288.000000 112.000000) (1040.000000 -1288.000000 -120.000000) 
4 133 150 (1056.000000 -1312.000000 128.000000) (1280.000000 -1312.000000 128.000000) (1280.000000 -1536.000000 128.000000) (1056.000000 -1536.000000 128.000000) 
4 134 150 (800.000000 -1312.000000 128.000000) (1024.000000 -1312.000000 128.000000) (1024.000000 -1536.000000 128.000000) (800.000000 -1536.000000 128.000000) 
4 135 150 (544.000000 -1312.000000 128.000000) (768.000000 -1312.000000 128.000000) (768.000000 -1536.000000 128.000000) (544.000000 -1536.000000 128.000000) 
4 136 150 (288.000000 -1312.000000 128.000000) (512.000000 -1312.000000 128.000000) (512.000000 -1536.000000 128.000000) (288.000000 -1536.000000 128.000000) 
4 137 150 (1056.000000 -1568.000000 128.000000) (1280.000000 -1568.000000 128.000000) (1280.000000 -1792.000000 128.000000) (1056.000000 -1792.000000 128.000000) 
4 138 150 (800.000000 -1568.000000 128.000000) (1024.000000 -1568.000000 128.000000) (1024.000000 -1792.000000 128.000000) (800.000000 -1792.000000 128.000000) 
4 139 150 (544.000000 -1568.000000 128.000000) (768.000000 -1568.000000 128.000000) (768.000000 -1792.000000 128.000000) (544.000000 -1792.000000 128.000000) 
4 140 150 (288.000000 -1568.000000 128.000000) (512.000000 -1568.000000 128.000000) (512.000000 -1792.000000 128.000000) (288.000000 -1792.000000 128.000000) 
4 141 200 (272.000000 -1856.000000 192.000000) (272.000000 -1824.000000 192.000000) (272.000000 -1824.000000 128.000000) (272.000000 -1856.000000 128.000000) 
4 141 151 (272.000000 -1856.000000 128.000000) (272.000000 -1824.000000 128.000000) (1288.000000 -1824.000000 128.000000) (1288.000000 -1856.000000 128.000000) 
4 142 150 (1288.000000 -1296.000000 -120.000000) (1288.000000 -1296.000000 112.000000) (1040.000000 -1296.000000 112.000000) (1040.000000 -1296.000000 -120.000000) 
4 143 150 (784.000000 -1296.000000 112.000000) (784.000000 -1296.000000 -120.000000) (1032.000000 -1296.000000 -120.000000) (1032.000000 -1296.000000 112.000000) 
4 144 150 (776.000000 -1296.000000 128.000000) (528.000000 -1296.000000 128.000000) (528.000000 -1296.000000 -120.000000) (776.000000 -1296.000000 -120.000000) 
4 145 150 (272.000000 -1296.000000 112.000000) (272.000000 -1296.000000 -120.000000) (520.000000 -1296.000000 -120.000000) (520.000000 -1296.000000 112.000000) 
4 146 150 (1288.000000 -1296.000000 -248.000000) (1288.000000 -1296.000000 -128.000000) (1040.000000 -1296.000000 -128.000000) (1040.000000 -1296.000000 -248.000000) 
4 147 150 (1032.000000 -1296.000000 -128.000000) (784.000000 -1296.000000 -128.000000) (784.000000 -1296.000000 -248.000000) (1032.000000 -1296.000000 -248.000000) 
4 148 150 (776.000000 -1296.000000 -128.000000) (528.000000 -1296.000000 -128.000000) (528.000000 -1296.000000 -248.000000) (776.000000 -1296.000000 -248.000000) 
4 149 150 (520.000000 -1296.000000 -128.000000) (272.000000 -1296.000000 -128.000000) (272.000000 -1296.000000 -248.000000) (520.000000 -1296.000000 -248.000000) 
4 150 207 (272.000000 -1824.000000 -256.000000) (272.000000 -1824.000000 128.000000) (272.000000 -1296.000000 128.000000) (272.000000 -1296.000000 -256.000000) 
4 151 208 (272.000000 -1856.000000 128.000000) (272.000000 -1824.000000 128.000000) (272.000000 -1824.000000 -288.000000) (272.000000 -1856.000000 -288.000000) 
4 152 209 (-504.000000 1312.000000 128.000000) (-504.000000 1280.000000 128.000000) (-504.000000 1280.000000 192.000000) (-504.000000 1312.000000 192.000000) 
4 152 159 (-504.000000 1280.000000 128.000000) (-504.000000 1312.000000 128.000000) (272.000000 1312.000000 128.000000) (272.000000 1280.000000 128.000000) 
4 153 160 (32.000000 1248.000000 128.000000) (256.000000 1248.000000 128.000000) (256.000000 1024.000000 128.000000) (32.000000 1024.000000 128.000000) 
4 154 160 (-224.000000 1248.000000 128.000000) (-0.000000 1248.000000 128.000000) (-0.000000 1024.000000 128.000000) (-224.000000 1024.000000 128.000000) 
4 155 160 (-480.000000 1248.000000 128.000000) (-256.000000 1248.000000 128.000000) (-256.000000 1024.000000 128.000000) (-480.000000 1024.000000 128.000000) 
4 156 160 (32.000000 992.000000 128.000000) (256.000000 992.000000 128.000000) (256.000000 768.000000 128.000000) (32.000000 768.000000 128.000000) 
4 157 160 (-224.000000 992.000000 128.000000) (-0.000000 992.000000 128.000000) (-0.000000 768.000000 128.000000) (-224.000000 768.000000 128.000000) 
4 158 160 (-480.000000 992.000000 128.000000) (-256.000000 992.000000 128.000000) (-256.000000 768.000000 128.000000) (-480.000000 768.000000 128.000000) 
4 159 209 (-504.000000 1280.000000 128.000000) (-504.000000 1312.000000 128.000000) (-504.000000 1312.000000 -256.000000) (-504.000000 1280.000000 -256.000000) 
4 160 216 (-504.000000 760.000000 -256.000000) (-504.000000 760.000000 128.000000) (-504.000000 1280.000000 128.000000) (-504.000000 1280.000000 -256.000000) 
4 160 166 (-248.000000 760.000000 -128.000000) (-496.000000 760.000000 -128.000000) (-496.000000 760.000000 -248.000000) (-248.000000 760.000000 -248.000000) 
4 160 165 (8.000000 760.000000 -128.000000) (-240.000000 760.000000 -128.000000) (-240.000000 760.000000 -248.000000) (8.000000 760.000000 -248.000000) 
4 160 164 (264.000000 760.000000 -128.000000) (16.000000 760.000000 -128.000000) (16.000000 760.000000 -248.000000) (264.000000 760.000000 -248.000000) 
4 160 163 (-248.000000 760.000000 112.000000) (-496.000000 760.000000 112.000000) (-496.000000 760.000000 -120.000000) (-248.000000 760.000000 -120.000000) 
4 160 161 (264.000000 760.000000 112.000000) (16.000000 760.000000 112.000000) (16.000000 760.000000 -120.000000) (264.000000 760.000000 -120.000000) 
4 160 162 (8.000000 760.000000 112.000000) (-240.000000 760.000000 112.000000) (-240.000000 760.000000 -120.000000) (8.000000 760.000000 -120.000000) 
4 161 179 (16.000000 752.000000 -120.000000) (264.000000 752.000000 -120.000000) (264.000000 752.000000 112.000000) (16.000000 752.000000 112.000000) 
4 162 179 (-240.000000 752.000000 -120.000000) (8.000000 752.000000 -120.000000) (8.000000 752.000000 112.000000) (-240.000000 752.000000 112.000000) 
4 163 179 (-496.000000 752.000000 -120.000000) (-248.000000 752.000000 -120.000000) (-248.000000 752.000000 112.000000) (-496.000000 752.000000 112.000000) 
4 164 179 (16.000000 752.000000 -248.000000) (264.000000 752.000000 -248.000000) (264.000000 752.000000 -128.000000) (16.000000 752.000000 -128.000000) 
4 165 179 (-240.000000 752.000000 -248.000000) (8.000000 752.000000 -248.000000) (8.000000 752.000000 -128.000000) (-240.000000 752.000000 -128.000000) 
4 166 179 (-496.000000 752.000000 -248.000000) (-248.000000 752.000000 -248.000000) (-248.000000 752.000000 -128.000000) (-496.000000 752.000000 -128.000000) 
4 167 179 (256.000000 736.000000 128.000000) (256.000000 512.000000 128.000000) (32.000000 512.000000 128.000000) (32.000000 736.000000 128.000000) 
4 168 179 (256.000000 480.000000 128.000000) (256.000000 256.000000 128.000000) (32.000000 256.000000 128.000000) (32.000000 480.000000 128.000000) 
4 169 179 (256.000000 224.000000 128.000000) (256.000000 0.000000 128.000000) (32.000000 0.000000 128.000000) (32.000000 224.000000 128.000000) 
4 170 179 (256.000000 -32.000000 128.000000) (256.000000 -256.000000 128.000000) (32.000000 -256.000000 128.000000) (32.000000 -32.000000 128.000000) 
4 171 179 (0.000000 736.000000 128.000000) (0.000000 512.000000 128.000000) (-224.000000 512.000000 128.000000) (-224.000000 736.000000 128.000000) 
4 172 179 (0.000000 480.000000 128.000000) (0.000000 256.000000 128.000000) (-224.000000 256.000000 128.000000) (-224.000000 480.000000 128.000000) 
4 173 179 (0.000000 224.000000 128.000000) (0.000000 0.000000 128.000000) (-224.000000 0.000000 128.000000) (-224.000000 224.000000 128.000000) 
4 174 179 (0.000000 -32.000000 128.000000) (-0.000000 -256.000000 128.000000) (-224.000000 -256.000000 128.000000) (-224.000000 -32.000000 128.000000) 
4 175 179 (-256.000000 736.000000 128.000000) (-256.000000 512.000000 128.000000) (-480.000000 512.000000 128.000000) (-480.000000 736.000000 128.000000) 
4 176 179 (-256.000000 480.000000 128.000000) (-256.000000 256.000000 128.000000) (-480.000000 256.000000 128.000000) (-480.000000 480.000000 128.000000) 
4 177 179 (-256.000000 224.000000 128.000000) (-256.000000 0.000000 128.000000) (-480.000000 0.000000 128.000000) (-480.000000 224.000000 128.000000) 
4 178 179 (-256.000000 -32.000000 128.000000) (-256.000000 -256.000000 128.000000) (-480.000000 -256.000000 128.000000) (-480.000000 -32.000000 128.000000) 
4 179 233 (-504.000000 -256.000000 -256.000000) (-504.000000 -256.000000 128.000000) (-504.000000 752.000000 128.000000) (-504.000000 752.000000 -256.000000) 
4 179 186 (272.000000 -256.000000 -256.000000) (272.000000 -256.000000 128.000000) (-504.000000 -256.000000 128.000000) (-504.000000 -256.000000 -256.000000) 
4 180 186 (32.000000 -288.000000 128.000000) (256.000000 -288.000000 128.000000) (256.000000 -512.000000 128.000000) (32.000000 -512.000000 128.000000) 
4 181 186 (-224.000000 -288.000000 128.000000) (-0.000000 -288.000000 128.000000) (-0.000000 -512.000000 128.000000) (-224.000000 -512.000000 128.000000) 
4 182 186 (-480.000000 -288.000000 128.000000) (-256.000000 -288.000000 128.000000) (-256.000000 -512.000000 128.000000) (-480.000000 -512.000000 128.000000) 
4 183 186 (32.000000 -544.000000 128.000000) (256.000000 -544.000000 128.000000) (256.000000 -768.000000 128.000000) (32.000000 -768.000000 128.000000) 
4 184 186 (-224.000000 -544.000000 128.000000) (-0.000000 -544.000000 128.000000) (-0.000000 -768.000000 128.000000) (-224.000000 -768.000000 128.000000) 
4 185 186 (-480.000000 -544.000000 128.000000) (-256.000000 -544.000000 128.000000) (-256.000000 -768.000000 128.000000) (-480.000000 -768.000000 128.000000) 
4 186 257 (-504.000000 -768.000000 -256.000000) (-504.000000 -768.000000 128.000000) (-504.000000 -264.000000 128.000000) (-504.000000 -264.000000 -256.000000) 
4 186 233 (-504.000000 -264.000000 128.000000) (-504.000000 -256.000000 128.000000) (-504.000000 -256.000000 -256.000000) (-504.000000 -264.000000 -256.000000) 
4 186 193 (-504.000000 -768.000000 128.000000) (-504.000000 -768.000000 -256.000000) (272.000000 -768.000000 -256.000000) (272.000000 -768.000000 128.000000) 
4 187 193 (32.000000 -800.000000 128.000000) (256.000000 -800.000000 128.000000) (256.000000 -1024.000000 128.000000) (32.000000 -1024.000000 128.000000) 
4 188 193 (-224.000000 -800.000000 128.000000) (-0.000000 -800.000000 128.000000) (-0.000000 -1024.000000 128.000000) (-224.000000 -1024.000000 128.000000) 
4 189 193 (-480.000000 -800.000000 128.000000) (-256.000000 -800.000000 128.000000) (-256.000000 -1024.000000 128.000000) (-480.000000 -1024.000000 128.000000) 
4 190 193 (32.000000 -1056.000000 128.000000) (256.000000 -1056.000000 128.000000) (256.000000 -1280.000000 128.000000) (32.000000 -1280.000000 128.000000) 
4 191 193 (-224.000000 -1056.000000 128.000000) (-0.000000 -1056.000000 128.000000) (-0.000000 -1280.000000 128.000000) (-224.000000 -1280.000000 128.000000) 
4 192 193 (-480.000000 -1056.000000 128.000000) (-256.000000 -1056.000000 128.000000) (-256.000000 -1280.000000 128.000000) (-480.000000 -1280.000000 128.000000) 
4 193 257 (-504.000000 -1288.000000 -256.000000) (-504.000000 -1288.000000 128.000000) (-504.000000 -768.000000 128.000000) (-504.000000 -768.000000 -256.000000) 
4 193 206 (-248.000000 -1288.000000 -128.000000) (-496.000000 -1288.000000 -128.000000) (-496.000000 -1288.000000 -248.000000) (-248.000000 -1288.000000 -248.000000) 
4 193 205 (8.000000 -1288.000000 -128.000000) (-240.000000 -1288.000000 -128.000000) (-240.000000 -1288.000000 -248.000000) (8.000000 -1288.000000 -248.000000) 
4 193 204 (264.000000 -1288.000000 -128.000000) (16.000000 -1288.000000 -128.000000) (16.000000 -1288.000000 -248.000000) (264.000000 -1288.000000 -248.000000) 
4 193 203 (-248.000000 -1288.000000 112.000000) (-496.000000 -1288.000000 112.000000) (-496.000000 -1288.000000 -120.000000) (-248.000000 -1288.000000 -120.000000) 
4 193 201 (264.000000 -1288.000000 112.000000) (16.000000 -1288.000000 112.000000) (16.000000 -1288.000000 -120.000000) (264.000000 -1288.000000 -120.000000) 
4 193 202 (8.000000 -1288.000000 112.000000) (-240.000000 -1288.000000 112.000000) (-240.000000 -1288.000000 -120.000000) (8.000000 -1288.000000 -120.000000) 
4 194 207 (32.000000 -1312.000000 128.000000) (256.000000 -1312.000000 128.000000) (256.000000 -1536.000000 128.000000) (32.000000 -1536.000000 128.000000) 
4 195 207 (-224.000000 -1312.000000 128.000000) (-0.000000 -1312.000000 128.000000) (-0.000000 -1536.000000 128.000000) (-224.000000 -1536.000000 128.000000) 
4 196 207 (-480.000000 -1312.000000 128.000000) (-256.000000 -1312.000000 128.000000) (-256.000000 -1536.000000 128.000000) (-480.000000 -1536.000000 128.000000) 
4 197 207 (32.000000 -1568.000000 128.000000) (256.000000 -1568.000000 128.000000) (256.000000 -1792.000000 128.000000) (32.000000 -1792.000000 128.000000) 
4 198 207 (-224.000000 -1568.000000 128.000000) (-0.000000 -1568.000000 128.000000) (-0.000000 -1792.000000 128.000000) (-224.000000 -1792.000000 128.000000) 
4 199 207 (-480.000000 -1568.000000 128.000000) (-256.000000 -1568.000000 128.000000) (-256.000000 -1792.000000 128.000000) (-480.000000 -1792.000000 128.000000) 
4 200 283 (-504.000000 -1856.000000 192.000000) (-504.000000 -1824.000000 192.000000) (-504.000000 -1824.000000 128.000000) (-504.000000 -1856.000000 128.000000) 
4 200 208 (-504.000000 -1856.000000 128.000000) (-504.000000 -1824.000000 128.000000) (272.000000 -1824.000000 128.000000) (272.000000 -1856.000000 128.000000) 
4 201 207 (264.000000 -1296.000000 112.000000) (16.000000 -1296.000000 112.000000) (16.000000 -1296.000000 -120.000000) (264.000000 -1296.000000 -120.000000) 
4 202 207 (8.000000 -1296.000000 112.000000) (-240.000000 -1296.000000 112.000000) (-240.000000 -1296.000000 -120.000000) (8.000000 -1296.000000 -120.000000) 
4 203 207 (-248.000000 -1296.000000 112.000000) (-496.000000 -1296.000000 112.000000) (-496.000000 -1296.000000 -120.000000) (-248.000000 -1296.000000 -120.000000) 
4 204 207 (264.000000 -1296.000000 -128.000000) (16.000000 -1296.000000 -128.000000) (16.000000 -1296.000000 -248.000000) (264.000000 -1296.000000 -248.000000) 
4 205 207 (8.000000 -1296.000000 -128.000000) (-240.000000 -1296.000000 -128.000000) (-240.000000 -1296.000000 -248.000000) (8.000000 -1296.000000 -248.000000) 
4 206 207 (-248.000000 -1296.000000 -128.000000) (-496.000000 -1296.000000 -128.000000) (-496.000000 -1296.000000 -248.000000) (-248.000000 -1296.000000 -248.000000) 
4 207 278 (-504.000000 -1824.000000 128.000000) (-504.000000 -1296.000000 128.000000) (-504.000000 -1296.000000 -256.000000) (-504.000000 -1824.000000 -256.000000) 
4 208 283 (-504.000000 -1856.000000 128.000000) (-504.000000 -1824.000000 128.000000) (-504.000000 -1824.000000 -288.000000) (-504.000000 -1856.000000 -288.000000) 
4 209 217 (-1280.000000 1312.000000 -256.000000) (-1280.000000 1280.000000 -256.000000) (-1280.000000 1280.000000 192.000000) (-1280.000000 1312.000000 192.000000) 
4 210 216 (-736.000000 1248.000000 128.000000) (-512.000000 1248.000000 128.000000) (-512.000000 1024.000000 128.000000) (-736.000000 1024.000000 128.000000) 
4 211 216 (-992.000000 1248.000000 128.000000) (-768.000000 1248.000000 128.000000) (-768.000000 1024.000000 128.000000) (-992.000000 1024.000000 128.000000) 
4 212 216 (-1248.000000 1248.000000 128.000000) (-1024.000000 1248.000000 128.000000) (-1024.000000 1024.000000 128.000000) (-1248.000000 1024.000000 128.000000) 
4 213 216 (-736.000000 992.000000 128.000000) (-512.000000 992.000000 128.000000) (-512.000000 768.000000 128.000000) (-736.000000 768.000000 128.000000) 
4 214 216 (-992.000000 992.000000 128.000000) (-768.000000 992.000000 128.000000) (-768.000000 768.000000 128.000000) (-992.000000 768.000000 128.000000) 
4 215 216 (-1248.000000 992.000000 128.000000) (-1024.000000 992.000000 128.000000) (-1024.000000 768.000000 128.000000) (-1248.000000 768.000000 128.000000) 
4 216 242 (-760.000000 760.000000 128.000000) (-1280.000000 760.000000 128.000000) (-1280.000000 760.000000 -256.000000) (-760.000000 760.000000 -256.000000) 
4 216 232 (-504.000000 760.000000 -248.000000) (-504.000000 760.000000 -128.000000) (-752.000000 760.000000 -128.000000) (-752.000000 760.000000 -248.000000) 
4 216 231 (-504.000000 760.000000 -120.000000) (-504.000000 760.000000 112.000000) (-752.000000 760.000000 112.000000) (-752.000000 760.000000 -120.000000) 
4 217 243 (-1312.000000 760.000000 -288.000000) (-1280.000000 760.000000 -288.000000) (-1280.000000 760.000000 128.000000) (-1312.000000 760.000000 128.000000) 
4 217 230 (-1280.000000 760.000000 128.000000) (-1280.000000 760.000000 192.000000) (-1312.000000 760.000000 192.000000) (-1312.000000 760.000000 128.000000) 
4 218 233 (-736.000000 512.000000 128.000000) (-736.000000 736.000000 128.000000) (-512.000000 736.000000 128.000000) (-512.000000 512.000000 128.000000) 
4 219 233 (-736.000000 256.000000 128.000000) (-736.000000 480.000000 128.000000) (-512.000000 480.000000 128.000000) (-512.000000 256.000000 128.000000) 
4 220 233 (-736.000000 0.000000 128.000000) (-736.000000 224.000000 128.000000) (-512.000000 224.000000 128.000000) (-512.000000 0.000000 128.000000) 
4 221 233 (-736.000000 -256.000000 128.000000) (-736.000000 -32.000000 128.000000) (-512.000000 -32.000000 128.000000) (-512.000000 -256.000000 128.000000) 
4 222 242 (-992.000000 512.000000 128.000000) (-992.000000 736.000000 128.000000) (-768.000000 736.000000 128.000000) (-768.000000 512.000000 128.000000) 
4 223 242 (-992.000000 256.000000 128.000000) (-992.000000 480.000000 128.000000) (-768.000000 480.000000 128.000000) (-768.000000 256.000000 128.000000) 
4 224 242 (-992.000000 0.000000 128.000000) (-992.000000 224.000000 128.000000) (-768.000000 224.000000 128.000000) (-768.000000 0.000000 128.000000) 
4 225 242 (-992.000000 -256.000000 128.000000) (-992.000000 -32.000000 128.000000) (-768.000000 -32.000000 128.000000) (-768.000000 -256.000000 128.000000) 
4 226 242 (-1248.000000 512.000000 128.000000) (-1248.000000 736.000000 128.000000) (-1024.000000 736.000000 128.000000) (-1024.000000 512.000000 128.000000) 
4 227 242 (-1248.000000 256.000000 128.000000) (-1248.000000 480.000000 128.000000) (-1024.000000 480.000000 128.000000) (-1024.000000 256.000000 128.000000) 
4 228 242 (-1248.000000 0.000000 128.000000) (-1248.000000 224.000000 128.000000) (-1024.000000 224.000000 128.000000) (-1024.000000 0.000000 128.000000) 
4 229 242 (-1248.000000 -256.000000 128.000000) (-1248.000000 -32.000000 128.000000) (-1024.000000 -32.000000 128.000000) (-1024.000000 -256.000000 128.000000) 
4 230 256 (-1280.000000 -264.000000 192.000000) (-1312.000000 -264.000000 192.000000) (-1312.000000 -264.000000 128.000000) (-1280.000000 -264.000000 128.000000) 
4 230 243 (-1280.000000 -264.000000 128.000000) (-1312.000000 -264.000000 128.000000) (-1312.000000 760.000000 128.000000) (-1280.000000 760.000000 128.000000) 
4 231 233 (-752.000000 752.000000 112.000000) (-752.000000 752.000000 -120.000000) (-504.000000 752.000000 -120.000000) (-504.000000 752.000000 112.000000) 
4 232 233 (-752.000000 752.000000 -128.000000) (-752.000000 752.000000 -248.000000) (-504.000000 752.000000 -248.000000) (-504.000000 752.000000 -128.000000) 
4 233 257 (-504.000000 -264.000000 -256.000000) (-504.000000 -264.000000 128.000000) (-752.000000 -264.000000 128.000000) (-752.000000 -264.000000 -256.000000) 
4 233 240 (-752.000000 -8.000000 -128.000000) (-752.000000 240.000000 -128.000000) (-752.000000 240.000000 -248.000000) (-752.000000 -8.000000 -248.000000) 
4 233 239 (-752.000000 248.000000 -128.000000) (-752.000000 496.000000 -128.000000) (-752.000000 496.000000 -248.000000) (-752.000000 248.000000 -248.000000) 
4 233 241 (-752.000000 -264.000000 -248.000000) (-752.000000 -264.000000 -128.000000) (-752.000000 -16.000000 -128.000000) (-752.000000 -16.000000 -248.000000) 
4 233 238 (-752.000000 504.000000 -128.000000) (-752.000000 752.000000 -128.000000) (-752.000000 752.000000 -248.000000) (-752.000000 504.000000 -248.000000) 
4 233 236 (-752.000000 -8.000000 112.000000) (-752.000000 240.000000 112.000000) (-752.000000 240.000000 -120.000000) (-752.000000 -8.000000 -120.000000) 
4 233 235 (-752.000000 248.000000 112.000000) (-752.000000 496.000000 112.000000) (-752.000000 496.000000 -120.000000) (-752.000000 248.000000 -120.000000) 
4 233 237 (-752.000000 -264.000000 -120.000000) (-752.000000 -264.000000 112.000000) (-752.000000 -16.000000 112.000000) (-752.000000 -16.000000 -120.000000) 
4 233 234 (-752.000000 504.000000 112.000000) (-752.000000 752.000000 112.000000) (-752.000000 752.000000 -120.000000) (-752.000000 504.000000 -120.000000) 
4 234 242 (-760.000000 504.000000 112.000000) (-760.000000 752.000000 112.000000) (-760.000000 752.000000 -120.000000) (-760.000000 504.000000 -120.000000) 
4 235 242 (-760.000000 248.000000 112.000000) (-760.000000 496.000000 112.000000) (-760.000000 496.000000 -120.000000) (-760.000000 248.000000 -120.000000) 
4 236 242 (-760.000000 -8.000000 112.000000) (-760.000000 240.000000 112.000000) (-760.000000 240.000000 -120.000000) (-760.000000 -8.000000 -120.000000) 
4 237 242 (-760.000000 -264.000000 -120.000000) (-760.000000 -264.000000 112.000000) (-760.000000 -16.000000 112.000000) (-760.000000 -16.000000 -120.000000) 
4 238 242 (-760.000000 504.000000 -128.000000) (-760.000000 752.000000 -128.000000) (-760.000000 752.000000 -248.000000) (-760.000000 504.000000 -248.000000) 
4 239 242 (-760.000000 248.000000 -128.000000) (-760.000000 496.000000 -128.000000) (-760.000000 496.000000 -248.000000) (-760.000000 248.000000 -248.000000) 
4 240 242 (-760.000000 -8.000000 -128.000000) (-760.000000 240.000000 -128.000000) (-760.000000 240.000000 -248.000000) (-760.000000 -8.000000 -248.000000) 
4 241 242 (-760.000000 -264.000000 -248.000000) (-760.000000 -264.000000 -128.000000) (-760.000000 -16.000000 -128.000000) (-760.000000 -16.000000 -248.000000) 
4 242 266 (-760.000000 -264.000000 -256.000000) (-760.000000 -264.000000 128.000000) (-1280.000000 -264.000000 128.000000) (-1280.000000 -264.000000 -256.000000) 
4 243 267 (-1280.000000 -264.000000 -288.000000) (-1280.000000 -264.000000 128.000000) (-1312.000000 -264.000000 128.000000) (-1312.000000 -264.000000 -288.000000) 
4 244 257 (-512.000000 -288.000000 128.000000) (-512.000000 -512.000000 128.000000) (-736.000000 -512.000000 128.000000) (-736.000000 -288.000000 128.000000) 
4 245 257 (-512.000000 -544.000000 128.000000) (-512.000000 -768.000000 128.000000) (-736.000000 -768.000000 128.000000) (-736.000000 -544.000000 128.000000) 
4 246 257 (-512.000000 -800.000000 128.000000) (-512.000000 -1024.000000 128.000000) (-736.000000 -1024.000000 128.000000) (-736.000000 -800.000000 128.000000) 
4 247 257 (-512.000000 -1056.000000 128.000000) (-512.000000 -1280.000000 128.000000) (-736.000000 -1280.000000 128.000000) (-736.000000 -1056.000000 128.000000) 
4 248 266 (-768.000000 -288.000000 128.000000) (-768.000000 -512.000000 128.000000) (-992.000000 -512.000000 128.000000) (-992.000000 -288.000000 128.000000) 
4 249 266 (-768.000000 -544.000000 128.000000) (-768.000000 -768.000000 128.000000) (-992.000000 -768.000000 128.000000) (-992.000000 -544.000000 128.000000) 
4 250 266 (-768.000000 -800.000000 128.000000) (-768.000000 -1024.000000 128.000000) (-992.000000 -1024.000000 128.000000) (-992.000000 -800.000000 128.000000) 
4 251 266 (-768.000000 -1056.000000 128.000000) (-768.000000 -1280.000000 128.000000) (-992.000000 -1280.000000 128.000000) (-992.000000 -1056.000000 128.000000) 
4 252 266 (-1024.000000 -288.000000 128.000000) (-1024.000000 -512.000000 128.000000) (-1248.000000 -512.000000 128.000000) (-1248.000000 -288.000000 128.000000) 
4 253 266 (-1024.000000 -544.000000 128.000000) (-1024.000000 -768.000000 128.000000) (-1248.000000 -768.000000 128.000000) (-1248.000000 -544.000000 128.000000) 
4 254 266 (-1024.000000 -800.000000 128.000000) (-1024.000000 -1024.000000 128.000000) (-1248.000000 -1024.000000 128.000000) (-1248.000000 -800.000000 128.000000) 
4 255 266 (-1024.000000 -1056.000000 128.000000) (-1024.000000 -1280.000000 128.000000) (-1248.000000 -1280.000000 128.000000) (-1248.000000 -1056.000000 128.000000) 
4 256 275 (-1312.000000 -1288.000000 128.000000) (-1280.000000 -1288.000000 128.000000) (-1280.000000 -1288.000000 160.000000) (-1312.000000 -1288.000000 160.000000) 
4 256 268 (-1280.000000 -1288.000000 160.000000) (-1280.000000 -1288.000000 192.000000) (-1312.000000 -1288.000000 192.000000) (-1312.000000 -1288.000000 160.000000) 
4 256 267 (-1312.000000 -264.000000 128.000000) (-1280.000000 -264.000000 128.000000) (-1280.000000 -1288.000000 128.000000) (-1312.000000 -1288.000000 128.000000) 
4 257 276 (-504.000000 -1288.000000 -120.000000) (-504.000000 -1288.000000 112.000000) (-752.000000 -1288.000000 112.000000) (-752.000000 -1288.000000 -120.000000) 
4 257 277 (-504.000000 -1288.000000 -248.000000) (-504.000000 -1288.000000 -128.000000) (-752.000000 -1288.000000 -128.000000) (-752.000000 -1288.000000 -248.000000) 
4 257 265 (-752.000000 -1288.000000 -248.000000) (-752.000000 -1288.000000 -128.000000) (-752.000000 -1040.000000 -128.000000) (-752.000000 -1040.000000 -248.000000) 
4 257 264 (-752.000000 -1032.000000 -128.000000) (-752.000000 -784.000000 -128.000000) (-752.000000 -784.000000 -248.000000) (-752.000000 -1032.000000 -248.000000) 
4 257 263 (-752.000000 -776.000000 -128.000000) (-752.000000 -528.000000 -128.000000) (-752.000000 -528.000000 -248.000000) (-752.000000 -776.000000 -248.000000) 
4 257 262 (-752.000000 -520.000000 -128.000000) (-752.000000 -272.000000 -128.000000) (-752.000000 -272.000000 -248.000000) (-752.000000 -520.000000 -248.000000) 
4 257 261 (-752.000000 -1288.000000 -120.000000) (-752.000000 -1288.000000 112.000000) (-752.000000 -1040.000000 112.000000) (-752.000000 -1040.000000 -120.000000) 
4 257 260 (-752.000000 -1032.000000 112.000000) (-752.000000 -784.000000 112.000000) (-752.000000 -784.000000 -120.000000) (-752.000000 -1032.000000 -120.000000) 
4 257 259 (-752.000000 -776.000000 112.000000) (-752.000000 -528.000000 112.000000) (-752.000000 -528.000000 -120.000000) (-752.000000 -776.000000 -120.000000) 
4 257 258 (-752.000000 -520.000000 112.000000) (-752.000000 -272.000000 112.000000) (-752.000000 -272.000000 -120.000000) (-752.000000 -520.000000 -120.000000) 
4 258 266 (-760.000000 -520.000000 112.000000) (-760.000000 -272.000000 112.000000) (-760.000000 -272.000000 -120.000000) (-760.000000 -520.000000 -120.000000) 
4 259 266 (-760.000000 -776.000000 112.000000) (-760.000000 -528.000000 112.000000) (-760.000000 -528.000000 -120.000000) (-760.000000 -776.000000 -120.000000) 
4 260 266 (-760.000000 -1032.000000 112.000000) (-760.000000 -784.000000 112.000000) (-760.000000 -784.000000 -120.000000) (-760.000000 -1032.000000 -120.000000) 
4 261 266 (-760.000000 -1288.000000 -120.000000) (-760.000000 -1288.000000 112.000000) (-760.000000 -1040.000000 112.000000) (-760.000000 -1040.000000 -120.000000) 
4 262 266 (-760.000000 -520.000000 -128.000000) (-760.000000 -272.000000 -128.000000) (-760.000000 -272.000000 -248.000000) (-760.000000 -520.000000 -248.000000) 
4 263 266 (-760.000000 -776.000000 -128.000000) (-760.000000 -528.000000 -128.000000) (-760.000000 -528.000000 -248.000000) (-760.000000 -776.000000 -248.000000) 
4 264 266 (-760.000000 -1032.000000 -128.000000) (-760.000000 -784.000000 -128.000000) (-760.000000 -784.000000 -248.000000) (-760.000000 -1032.000000 -248.000000) 
4 265 266 (-760.000000 -1288.000000 -248.000000) (-760.000000 -1288.000000 -128.000000) (-760.000000 -1040.000000 -128.000000) (-760.000000 -1040.000000 -248.000000) 
4 266 280 (-760.000000 -1288.000000 -256.000000) (-760.000000 -1288.000000 128.000000) (-1280.000000 -1288.000000 128.000000) (-1280.000000 -1288.000000 -256.000000) 
4 267 282 (-1312.000000 -1288.000000 -288.000000) (-1280.000000 -1288.000000 -288.000000) (-1280.000000 -1288.000000 -256.000000) (-1312.000000 -1288.000000 -256.000000) 
4 267 281 (-1280.000000 -1288.000000 -256.000000) (-1280.000000 -1288.000000 128.000000) (-1312.000000 -1288.000000 128.000000) (-1312.000000 -1288.000000 -256.000000) 
4 268 283 (-1280.000000 -1824.000000 192.000000) (-1312.000000 -1824.000000 192.000000) (-1312.000000 -1824.000000 160.000000) (-1280.000000 -1824.000000 160.000000) 
4 268 275 (-1280.000000 -1824.000000 160.000000) (-1312.000000 -1824.000000 160.000000) (-1312.000000 -1288.000000 160.000000) (-1280.000000 -1288.000000 160.000000) 
4 269 278 (-512.000000 -1536.000000 128.000000) (-736.000000 -1536.000000 128.000000) (-736.000000 -1312.000000 128.000000) (-512.000000 -1312.000000 128.000000) 
4 270 280 (-768.000000 -1536.000000 128.000000) (-992.000000 -1536.000000 128.000000) (-992.000000 -1312.000000 128.000000) (-768.000000 -1312.000000 128.000000) 
4 271 280 (-1024.000000 -1536.000000 128.000000) (-1248.000000 -1536.000000 128.000000) (-1248.000000 -1312.000000 128.000000) (-1024.000000 -1312.000000 128.000000) 
4 272 278 (-512.000000 -1792.000000 128.000000) (-736.000000 -1792.000000 128.000000) (-736.000000 -1568.000000 128.000000) (-512.000000 -1568.000000 128.000000) 
4 273 280 (-768.000000 -1792.000000 128.000000) (-992.000000 -1792.000000 128.000000) (-992.000000 -1568.000000 128.000000) (-768.000000 -1568.000000 128.000000) 
4 274 280 (-1024.000000 -1792.000000 128.000000) (-1248.000000 -1792.000000 128.000000) (-1248.000000 -1568.000000 128.000000) (-1024.000000 -1568.000000 128.000000) 
4 275 283 (-1280.000000 -1824.000000 160.000000) (-1312.000000 -1824.000000 160.000000) (-1312.000000 -1824.000000 128.000000) (-1280.000000 -1824.000000 128.000000) 
4 275 281 (-1312.000000 -1824.000000 128.000000) (-1312.000000 -1288.000000 128.000000) (-1280.000000 -1288.000000 128.000000) (-1280.000000 -1824.000000 128.000000) 
4 276 278 (-504.000000 -1296.000000 -120.000000) (-504.000000 -1296.000000 112.000000) (-752.000000 -1296.000000 112.000000) (-752.000000 -1296.000000 -120.000000) 
4 277 278 (-504.000000 -1296.000000 -248.000000) (-504.000000 -1296.000000 -128.000000) (-752.000000 -1296.000000 -128.000000) (-752.000000 -1296.000000 -248.000000) 
4 278 279 (-752.000000 -1296.000000 -256.000000) (-752.000000 -1824.000000 -256.000000) (-752.000000 -1824.000000 128.000000) (-752.000000 -1296.000000 128.000000) 
4 279 280 (-760.000000 -1296.000000 -256.000000) (-760.000000 -1824.000000 -256.000000) (-760.000000 -1824.000000 128.000000) (-760.000000 -1296.000000 128.000000) 
4 281 283 (-1280.000000 -1824.000000 128.000000) (-1312.000000 -1824.000000 128.000000) (-1312.000000 -1824.000000 -256.000000) (-1280.000000 -1824.000000 -256.000000) 
4 281 282 (-1280.000000 -1824.000000 -256.000000) (-1312.000000 -1824.000000 -256.000000) (-1312.000000 -1288.000000 -256.000000) (-1280.000000 -1288.000000 -256.000000) 
4 282 283 (-1312.000000 -1824.000000 -288.000000) (-1280.000000 -1824.000000 -288.000000) (-1280.000000 -1824.000000 -256.000000) (-1312.000000 -1824.000000 -256.000000) 
